JPushClient/platforms/android/build/outputs/logs/manifest-merger-debug-report.txt
-- Merging decision tree log ---
manifest
ADDED from platforms\android\AndroidManifest.xml:2:1-89:12
	package
		ADDED from platforms\android\AndroidManifest.xml:2:98-116
		INJECTED from platforms\android\AndroidManifest.xml
		INJECTED from platforms\android\AndroidManifest.xml
	android:versionName
		ADDED from platforms\android\AndroidManifest.xml:2:70-97
		INJECTED from platforms\android\AndroidManifest.xml
		INJECTED from platforms\android\AndroidManifest.xml
	android:hardwareAccelerated
		ADDED from platforms\android\AndroidManifest.xml:2:11-45
	android:versionCode
		ADDED from platforms\android\AndroidManifest.xml:2:46-69
		INJECTED from platforms\android\AndroidManifest.xml
		INJECTED from platforms\android\AndroidManifest.xml
	xmlns:android
		ADDED from platforms\android\AndroidManifest.xml:2:117-175
supports-screens
ADDED from platforms\android\AndroidManifest.xml:3:5-191
	android:largeScreens
		ADDED from platforms\android\AndroidManifest.xml:3:49-76
	android:smallScreens
		ADDED from platforms\android\AndroidManifest.xml:3:132-159
	android:normalScreens
		ADDED from platforms\android\AndroidManifest.xml:3:77-105
	android:xlargeScreens
		ADDED from platforms\android\AndroidManifest.xml:3:160-188
	android:resizeable
		ADDED from platforms\android\AndroidManifest.xml:3:106-131
	android:anyDensity
		ADDED from platforms\android\AndroidManifest.xml:3:23-48
uses-permission#android.permission.INTERNET
ADDED from platforms\android\AndroidManifest.xml:4:5-67
	android:name
		ADDED from platforms\android\AndroidManifest.xml:4:22-64
application
ADDED from platforms\android\AndroidManifest.xml:5:5-75:19
	android:label
		ADDED from platforms\android\AndroidManifest.xml:5:81-113
	android:supportsRtl
		ADDED from platforms\android\AndroidManifest.xml:5:114-140
	android:hardwareAccelerated
		ADDED from platforms\android\AndroidManifest.xml:5:18-52
	android:icon
		ADDED from platforms\android\AndroidManifest.xml:5:53-80
activity#com.test.MainActivity
ADDED from platforms\android\AndroidManifest.xml:6:9-11:20
	android:label
		ADDED from platforms\android\AndroidManifest.xml:6:97-134
	android:launchMode
		ADDED from platforms\android\AndroidManifest.xml:6:135-165
	android:windowSoftInputMode
		ADDED from platforms\android\AndroidManifest.xml:6:257-299
	android:configChanges
		ADDED from platforms\android\AndroidManifest.xml:6:19-96
	android:theme
		ADDED from platforms\android\AndroidManifest.xml:6:194-256
	android:name
		ADDED from platforms\android\AndroidManifest.xml:6:166-193
intent-filter#android.intent.action.MAIN+android.intent.category.LAUNCHER
ADDED from platforms\android\AndroidManifest.xml:7:13-10:29
	android:label
		ADDED from platforms\android\AndroidManifest.xml:7:28-65
action#android.intent.action.MAIN
ADDED from platforms\android\AndroidManifest.xml:8:17-69
	android:name
		ADDED from platforms\android\AndroidManifest.xml:8:25-66
category#android.intent.category.LAUNCHER
ADDED from platforms\android\AndroidManifest.xml:9:17-77
	android:name
		ADDED from platforms\android\AndroidManifest.xml:9:27-74
activity#cn.jpush.android.ui.PushActivity
ADDED from platforms\android\AndroidManifest.xml:12:9-18:20
	android:configChanges
		ADDED from platforms\android\AndroidManifest.xml:12:19-69
	android:theme
		ADDED from platforms\android\AndroidManifest.xml:12:118-177
	android:name
		ADDED from platforms\android\AndroidManifest.xml:12:70-117
intent-filter#android.intent.category.DEFAULT+cn.jpush.android.ui.PushActivity+com.test
ADDED from platforms\android\AndroidManifest.xml:13:13-17:29
action#cn.jpush.android.ui.PushActivity
ADDED from platforms\android\AndroidManifest.xml:14:17-75
	android:name
		ADDED from platforms\android\AndroidManifest.xml:14:25-72
category#android.intent.category.DEFAULT
ADDED from platforms\android\AndroidManifest.xml:15:17-76
	android:name
		ADDED from platforms\android\AndroidManifest.xml:15:27-73
category#com.test
ADDED from platforms\android\AndroidManifest.xml:16:17-53
	android:name
		ADDED from platforms\android\AndroidManifest.xml:16:27-50
activity#cn.jpush.android.ui.PopWinActivity
ADDED from platforms\android\AndroidManifest.xml:19:9-133
	android:exported
		ADDED from platforms\android\AndroidManifest.xml:19:19-43
	android:theme
		ADDED from platforms\android\AndroidManifest.xml:19:94-130
	android:name
		ADDED from platforms\android\AndroidManifest.xml:19:44-93
service#cn.jpush.android.service.DownloadService
ADDED from platforms\android\AndroidManifest.xml:20:9-124
	android:enabled
		ADDED from platforms\android\AndroidManifest.xml:20:18-40
	android:exported
		ADDED from platforms\android\AndroidManifest.xml:20:41-65
	android:name
		ADDED from platforms\android\AndroidManifest.xml:20:66-121
service#cn.jpush.android.service.PushService
ADDED from platforms\android\AndroidManifest.xml:21:9-28:19
	android:enabled
		ADDED from platforms\android\AndroidManifest.xml:21:18-40
	android:process
		ADDED from platforms\android\AndroidManifest.xml:21:118-143
	android:exported
		ADDED from platforms\android\AndroidManifest.xml:21:41-65
	android:name
		ADDED from platforms\android\AndroidManifest.xml:21:66-117
intent-filter#cn.jpush.android.intent.PUSH_TIME+cn.jpush.android.intent.PushService+cn.jpush.android.intent.REGISTER+cn.jpush.android.intent.REPORT
ADDED from platforms\android\AndroidManifest.xml:22:13-27:29
action#cn.jpush.android.intent.REGISTER
ADDED from platforms\android\AndroidManifest.xml:23:17-75
	android:name
		ADDED from platforms\android\AndroidManifest.xml:23:25-72
action#cn.jpush.android.intent.REPORT
ADDED from platforms\android\AndroidManifest.xml:24:17-73
	android:name
		ADDED from platforms\android\AndroidManifest.xml:24:25-70
action#cn.jpush.android.intent.PushService
ADDED from platforms\android\AndroidManifest.xml:25:17-78
	android:name
		ADDED from platforms\android\AndroidManifest.xml:25:25-75
action#cn.jpush.android.intent.PUSH_TIME
ADDED from platforms\android\AndroidManifest.xml:26:17-76
	android:name
		ADDED from platforms\android\AndroidManifest.xml:26:25-73
receiver#cn.jpush.android.service.PushReceiver
ADDED from platforms\android\AndroidManifest.xml:29:9-43:20
	android:enabled
		ADDED from platforms\android\AndroidManifest.xml:29:19-41
	android:exported
		ADDED from platforms\android\AndroidManifest.xml:29:42-66
	android:name
		ADDED from platforms\android\AndroidManifest.xml:29:67-119
intent-filter#cn.jpush.android.intent.NOTIFICATION_RECEIVED_PROXY+com.test
ADDED from platforms\android\AndroidManifest.xml:30:13-33:29
	android:priority
		ADDED from platforms\android\AndroidManifest.xml:30:28-51
action#cn.jpush.android.intent.NOTIFICATION_RECEIVED_PROXY
ADDED from platforms\android\AndroidManifest.xml:31:17-94
	android:name
		ADDED from platforms\android\AndroidManifest.xml:31:25-91
intent-filter#android.intent.action.USER_PRESENT+android.net.conn.CONNECTIVITY_CHANGE
ADDED from platforms\android\AndroidManifest.xml:34:13-37:29
action#android.intent.action.USER_PRESENT
ADDED from platforms\android\AndroidManifest.xml:35:17-77
	android:name
		ADDED from platforms\android\AndroidManifest.xml:35:25-74
action#android.net.conn.CONNECTIVITY_CHANGE
ADDED from platforms\android\AndroidManifest.xml:36:17-79
	android:name
		ADDED from platforms\android\AndroidManifest.xml:36:25-76
intent-filter#android.intent.action.PACKAGE_ADDED+android.intent.action.PACKAGE_REMOVED
ADDED from platforms\android\AndroidManifest.xml:38:13-42:29
action#android.intent.action.PACKAGE_ADDED
ADDED from platforms\android\AndroidManifest.xml:39:17-78
	android:name
		ADDED from platforms\android\AndroidManifest.xml:39:25-75
action#android.intent.action.PACKAGE_REMOVED
ADDED from platforms\android\AndroidManifest.xml:40:17-80
	android:name
		ADDED from platforms\android\AndroidManifest.xml:40:25-77
data
ADDED from platforms\android\AndroidManifest.xml:41:17-50
	android:scheme
		ADDED from platforms\android\AndroidManifest.xml:41:23-47
service#cn.jpush.android.service.DaemonService
ADDED from platforms\android\AndroidManifest.xml:44:9-49:19
	android:enabled
		ADDED from platforms\android\AndroidManifest.xml:44:18-40
	android:exported
		ADDED from platforms\android\AndroidManifest.xml:44:41-64
	android:name
		ADDED from platforms\android\AndroidManifest.xml:44:65-118
intent-filter#cn.jpush.android.intent.DaemonService+com.test
ADDED from platforms\android\AndroidManifest.xml:45:13-48:29
action#cn.jpush.android.intent.DaemonService
ADDED from platforms\android\AndroidManifest.xml:46:17-80
	android:name
		ADDED from platforms\android\AndroidManifest.xml:46:25-77
receiver#cn.jiguang.cordova.push.MyReceiver
ADDED from platforms\android\AndroidManifest.xml:50:9-64:20
	android:enabled
		ADDED from platforms\android\AndroidManifest.xml:50:19-41
	android:name
		ADDED from platforms\android\AndroidManifest.xml:50:42-91
intent-filter#cn.jpush.android.intent.ACTION_RICHPUSH_CALLBACK+cn.jpush.android.intent.MESSAGE_RECEIVED+cn.jpush.android.intent.NOTIFICATION_OPENED+cn.jpush.android.intent.NOTIFICATION_RECEIVED+cn.jpush.android.intent.REGISTRATION+cn.jpush.android.intent.UNREGISTRATION+com.test
ADDED from platforms\android\AndroidManifest.xml:55:13-63:29
action#cn.jpush.android.intent.REGISTRATION
ADDED from platforms\android\AndroidManifest.xml:56:17-79
	android:name
		ADDED from platforms\android\AndroidManifest.xml:56:25-76
action#cn.jpush.android.intent.UNREGISTRATION
ADDED from platforms\android\AndroidManifest.xml:57:17-81
	android:name
		ADDED from platforms\android\AndroidManifest.xml:57:25-78
action#cn.jpush.android.intent.MESSAGE_RECEIVED
ADDED from platforms\android\AndroidManifest.xml:58:17-83
	android:name
		ADDED from platforms\android\AndroidManifest.xml:58:25-80
action#cn.jpush.android.intent.NOTIFICATION_RECEIVED
ADDED from platforms\android\AndroidManifest.xml:59:17-88
	android:name
		ADDED from platforms\android\AndroidManifest.xml:59:25-85
action#cn.jpush.android.intent.NOTIFICATION_OPENED
ADDED from platforms\android\AndroidManifest.xml:60:17-86
	android:name
		ADDED from platforms\android\AndroidManifest.xml:60:25-83
action#cn.jpush.android.intent.ACTION_RICHPUSH_CALLBACK
ADDED from platforms\android\AndroidManifest.xml:61:17-91
	android:name
		ADDED from platforms\android\AndroidManifest.xml:61:25-88
receiver#cn.jpush.android.service.AlarmReceiver
ADDED from platforms\android\AndroidManifest.xml:65:9-100
	android:exported
		ADDED from platforms\android\AndroidManifest.xml:65:19-43
	android:name
		ADDED from platforms\android\AndroidManifest.xml:65:44-97
provider#cn.jpush.android.service.DataProvider
ADDED from platforms\android\AndroidManifest.xml:66:9-142
	android:authorities
		ADDED from platforms\android\AndroidManifest.xml:66:19-62
	android:exported
		ADDED from platforms\android\AndroidManifest.xml:66:63-86
	android:name
		ADDED from platforms\android\AndroidManifest.xml:66:87-139
receiver#cn.jiguang.cordova.push.JPushEventReceiver
ADDED from platforms\android\AndroidManifest.xml:67:9-72:20
	android:name
		ADDED from platforms\android\AndroidManifest.xml:67:19-76
intent-filter#cn.jpush.android.intent.RECEIVE_MESSAGE+com.test
ADDED from platforms\android\AndroidManifest.xml:68:13-71:29
action#cn.jpush.android.intent.RECEIVE_MESSAGE
ADDED from platforms\android\AndroidManifest.xml:69:17-82
	android:name
		ADDED from platforms\android\AndroidManifest.xml:69:25-79
meta-data#JPUSH_CHANNEL
ADDED from platforms\android\AndroidManifest.xml:73:9-85
	android:value
		ADDED from platforms\android\AndroidManifest.xml:73:49-82
	android:name
		ADDED from platforms\android\AndroidManifest.xml:73:20-48
meta-data#JPUSH_APPKEY
ADDED from platforms\android\AndroidManifest.xml:74:9-91
	android:value
		ADDED from platforms\android\AndroidManifest.xml:74:48-88
	android:name
		ADDED from platforms\android\AndroidManifest.xml:74:20-47
uses-sdk
ADDED from platforms\android\AndroidManifest.xml:76:5-74
MERGED from [org.apache.cordova:CordovaLib:6.3.0:debug] AndroidManifest.xml:25:5-44
	android:targetSdkVersion
		ADDED from platforms\android\AndroidManifest.xml:76:42-71
	android:minSdkVersion
		ADDED from platforms\android\AndroidManifest.xml:76:15-41
permission#com.test.permission.JPUSH_MESSAGE
ADDED from platforms\android\AndroidManifest.xml:77:5-104
	android:protectionLevel
		ADDED from platforms\android\AndroidManifest.xml:77:66-101
	android:name
		ADDED from platforms\android\AndroidManifest.xml:77:17-65
uses-permission#com.test.permission.JPUSH_MESSAGE
ADDED from platforms\android\AndroidManifest.xml:78:5-73
	android:name
		ADDED from platforms\android\AndroidManifest.xml:78:22-70
uses-permission#android.permission.RECEIVE_USER_PRESENT
ADDED from platforms\android\AndroidManifest.xml:79:5-79
	android:name
		ADDED from platforms\android\AndroidManifest.xml:79:22-76
uses-permission#android.permission.WAKE_LOCK
ADDED from platforms\android\AndroidManifest.xml:80:5-68
	android:name
		ADDED from platforms\android\AndroidManifest.xml:80:22-65
uses-permission#android.permission.READ_PHONE_STATE
ADDED from platforms\android\AndroidManifest.xml:81:5-75
	android:name
		ADDED from platforms\android\AndroidManifest.xml:81:22-72
uses-permission#android.permission.WRITE_EXTERNAL_STORAGE
ADDED from platforms\android\AndroidManifest.xml:82:5-81
	android:name
		ADDED from platforms\android\AndroidManifest.xml:82:22-78
uses-permission#android.permission.READ_EXTERNAL_STORAGE
ADDED from platforms\android\AndroidManifest.xml:83:5-80
	android:name
		ADDED from platforms\android\AndroidManifest.xml:83:22-77
uses-permission#android.permission.WRITE_SETTINGS
ADDED from platforms\android\AndroidManifest.xml:84:5-73
	android:name
		ADDED from platforms\android\AndroidManifest.xml:84:22-70
uses-permission#android.permission.VIBRATE
ADDED from platforms\android\AndroidManifest.xml:85:5-66
	android:name
		ADDED from platforms\android\AndroidManifest.xml:85:22-63
uses-permission#android.permission.MOUNT_UNMOUNT_FILESYSTEMS
ADDED from platforms\android\AndroidManifest.xml:86:5-84
	android:name
		ADDED from platforms\android\AndroidManifest.xml:86:22-81
uses-permission#android.permission.ACCESS_NETWORK_STATE
ADDED from platforms\android\AndroidManifest.xml:87:5-79
	android:name
		ADDED from platforms\android\AndroidManifest.xml:87:22-76
uses-permission#android.permission.ACCESS_WIFI_STATE
ADDED from platforms\android\AndroidManifest.xml:88:5-76
	android:name
		ADDED from platforms\android\AndroidManifest.xml:88:22-73